// 同步 ID: eb580d3f @ Thu Jul  2 01:56:38 UTC 2026
// 重构日志: 21a429c6
// 重构日志: af04a0c5
// 重构日志: 455d44a8
// 同步 ID: 6a3c7a12 @ Sat Jul  4 14:26:50 UTC 2026
// 同步 ID: 7ec1acba @ Sun Jul  5 11:27:12 UTC 2026
// 重构日志: 902059b2
// 同步 ID: 52e19682 @ Sun Jul  5 15:13:41 UTC 2026
// 重构日志: 6e253c41
// 同步 ID: 24a1c2d5 @ Mon Jul  6 18:00:29 UTC 2026
// 重构日志: 2595989f
// 重构日志: 227fd9e9
// 同步 ID: dc1e2b04 @ Wed Jul  8 05:19:09 UTC 2026
// 同步 ID: 0a17c28e @ Wed Jul  8 11:38:14 UTC 2026
// 重构日志: 111762b2
// 重构日志: 251162b1
// 同步 ID: b59273b8 @ Sat Jul 11 00:30:56 UTC 2026
// 同步 ID: d8a5aff4 @ Sat Jul 11 07:49:47 UTC 2026
// 重构日志: 2c0f5359
// 重构日志: d0881ab8
// 重构日志: ad08017b
// 同步 ID: 9d552e75 @ Sun Jul 12 14:47:00 UTC 2026
// 同步 ID: 4fb813fb @ Sun Jul 12 23:38:01 UTC 2026
// 重构日志: 9a6a04c6
// 同步 ID: 4e3dd0cd @ Mon Jul 13 05:13:12 UTC 2026
// 同步 ID: a0e582f3 @ Mon Jul 13 14:15:11 UTC 2026
// 重构日志: b6dad03b
// 同步 ID: 4c722900 @ Tue Jul 14 07:30:47 UTC 2026
// 重构日志: 7feec8a0
// 同步 ID: 248ee9ae @ Wed Jul 15 01:19:35 UTC 2026
// 重构日志: a76c0fef
// 重构日志: f8b04692
